<?xml version="1.0" encoding="UTF-8"?>
<testng-results ignored="0" total="3" passed="3" failed="0" skipped="0">
  <reporter-output>
  </reporter-output>
  <suite started-at="2024-11-02T14:51:03 IST" name="Default suite" finished-at="2024-11-02T14:51:03 IST" duration-ms="630">
    <groups>
    </groups>
    <test started-at="2024-11-02T14:51:03 IST" name="Default test" finished-at="2024-11-02T14:51:03 IST" duration-ms="630">
      <class name="SumValidation">
        <test-method signature="PrintAllCourseTitleAndPrices()[pri:0, instance:SumValidation@11a7ba62]" started-at="2024-11-02T14:51:03 IST" name="PrintAllCourseTitleAndPrices" finished-at="2024-11-02T14:51:03 IST" duration-ms="269" status="PASS">
          <reporter-output>
          </reporter-output>
        </test-method> <!-- PrintAllCourseTitleAndPrices -->
        <test-method signature="PrintNoOfCopies()[pri:0, instance:SumValidation@11a7ba62]" started-at="2024-11-02T14:51:03 IST" name="PrintNoOfCopies" finished-at="2024-11-02T14:51:03 IST" duration-ms="125" status="PASS">
          <reporter-output>
          </reporter-output>
        </test-method> <!-- PrintNoOfCopies -->
        <test-method signature="SumOfCourses()[pri:0, instance:SumValidation@11a7ba62]" started-at="2024-11-02T14:51:03 IST" name="SumOfCourses" finished-at="2024-11-02T14:51:03 IST" duration-ms="164" status="PASS">
          <reporter-output>
          </reporter-output>
        </test-method> <!-- SumOfCourses -->
      </class> <!-- SumValidation -->
    </test> <!-- Default test -->
  </suite> <!-- Default suite -->
</testng-results>
