<?xml version="1.0" encoding="UTF-8"?>
<!-- Generated by org.testng.reporters.JUnitXMLReporter -->
<testsuite ignored="0" hostname="SanjeevKumarSinha" failures="0" tests="4" name="Default test" time="4.516" errors="0" timestamp="2024-11-02T16:25:10 IST">
  <testcase classname="files.DynamicJson" name="addBook" time="3.924"/>
  <testcase classname="files.DynamicJson" name="addBook" time="0.154"/>
  <testcase classname="files.DynamicJson" name="addBook" time="0.185"/>
  <testcase classname="files.DynamicJson" name="addBook" time="0.162"/>
</testsuite> <!-- Default test -->
