<?xml version="1.0" encoding="UTF-8"?>
<!-- Generated by org.testng.reporters.JUnitXMLReporter -->
<testsuite ignored="0" hostname="SanjeevKumarSinha" failures="0" tests="3" name="Default test" time="0.63" errors="0" timestamp="2024-11-02T14:51:03 IST">
  <testcase classname="SumValidation" name="PrintAllCourseTitleAndPrices" time="0.269"/>
  <testcase classname="SumValidation" name="PrintNoOfCopies" time="0.125"/>
  <testcase classname="SumValidation" name="SumOfCourses" time="0.164"/>
</testsuite> <!-- Default test -->
